This file contains any messages produced by compilers while
running configure, to aid debugging if configure makes a mistake.

It was created by configure, which was
generated by GNU Autoconf 2.68.  Invocation command line was

  $ ./configure --enable-hq2x --enable-hq3x --disable-alsa

## --------- ##
## Platform. ##
## --------- ##

hostname = posnix
uname -m = i686
uname -r = 3.0.0-1-686-pae
uname -s = Linux
uname -v = #1 SMP Sun Jul 24 14:27:32 UTC 2011

/usr/bin/uname -p = unknown
/bin/uname -X     = unknown

/bin/arch              = unknown
/usr/bin/arch -k       = unknown
/usr/convex/getsysinfo = unknown
/usr/bin/hostinfo      = unknown
/bin/machine           = unknown
/usr/bin/oslevel       = unknown
/bin/universe          = unknown

PATH: /usr/local/bin
PATH: /usr/bin
PATH: /bin
PATH: /usr/games
PATH: /usr/local/xenon/bin
PATH: /usr/local/xenon/usr/bin


## ----------- ##
## Core tests. ##
## ----------- ##

configure:2463: checking build system type
configure:2477: result: i686-pc-linux-gnu
configure:2497: checking host system type
configure:2510: result: i686-pc-linux-gnu
configure:2530: checking target system type
configure:2543: result: i686-pc-linux-gnu
configure:2633: checking system
configure:2646: result: UNIX (GNU/Linux)
configure:2772: checking for gcc
configure:2788: found /usr/bin/gcc
configure:2799: result: gcc
configure:3028: checking for C compiler version
configure:3037: gcc --version >&5
gcc (Debian 4.6.1-4) 4.6.1
Copyright (C) 2011 Free Software Foundation, Inc.
This is free software; see the source for copying conditions.  There is NO
warranty; not even for MERCHANTABILITY or FITNESS FOR A PARTICULAR PURPOSE.

configure:3048: $? = 0
configure:3037: gcc -v >&5
Using built-in specs.
COLLECT_GCC=gcc
COLLECT_LTO_WRAPPER=/usr/lib/i386-linux-gnu/gcc/i486-linux-gnu/4.6.1/lto-wrapper
Target: i486-linux-gnu
Configured with: ../src/configure -v --with-pkgversion='Debian 4.6.1-4' --with-bugurl=file:///usr/share/doc/gcc-4.6/README.Bugs --enable-languages=c,c++,fortran,objc,obj-c++,go --prefix=/usr --program-suffix=-4.6 --enable-shared --enable-multiarch --with-multiarch-defaults=i386-linux-gnu --enable-linker-build-id --with-system-zlib --libexecdir=/usr/lib/i386-linux-gnu --without-included-gettext --enable-threads=posix --with-gxx-include-dir=/usr/include/c++/4.6 --libdir=/usr/lib/i386-linux-gnu --enable-nls --enable-clocale=gnu --enable-libstdcxx-debug --enable-libstdcxx-time=yes --enable-plugin --enable-objc-gc --enable-targets=all --with-arch-32=i586 --with-tune=generic --enable-checking=release --build=i486-linux-gnu --host=i486-linux-gnu --target=i486-linux-gnu
Thread model: posix
gcc version 4.6.1 (Debian 4.6.1-4) 
configure:3048: $? = 0
configure:3037: gcc -V >&5
gcc: error: unrecognized option '-V'
gcc: fatal error: no input files
compilation terminated.
configure:3048: $? = 1
configure:3037: gcc -qversion >&5
gcc: error: unrecognized option '-qversion'
gcc: fatal error: no input files
compilation terminated.
configure:3048: $? = 1
configure:3068: checking whether the C compiler works
configure:3090: gcc    conftest.c  >&5
configure:3094: $? = 0
configure:3142: result: yes
configure:3145: checking for C compiler default output file name
configure:3147: result: a.out
configure:3153: checking for suffix of executables
configure:3160: gcc -o conftest    conftest.c  >&5
configure:3164: $? = 0
configure:3186: result: 
configure:3208: checking whether we are cross compiling
configure:3216: gcc -o conftest    conftest.c  >&5
configure:3220: $? = 0
configure:3227: ./conftest
configure:3231: $? = 0
configure:3246: result: no
configure:3251: checking for suffix of object files
configure:3273: gcc -c   conftest.c >&5
configure:3277: $? = 0
configure:3298: result: o
configure:3302: checking whether we are using the GNU C compiler
configure:3321: gcc -c   conftest.c >&5
configure:3321: $? = 0
configure:3330: result: yes
configure:3339: checking whether gcc accepts -g
configure:3359: gcc -c -g  conftest.c >&5
configure:3359: $? = 0
configure:3400: result: yes
configure:3417: checking for gcc option to accept ISO C89
configure:3481: gcc  -c -g -O2  conftest.c >&5
configure:3481: $? = 0
configure:3494: result: none needed
configure:3519: checking how to run the C preprocessor
configure:3550: gcc -E  conftest.c
configure:3550: $? = 0
configure:3564: gcc -E  conftest.c
conftest.c:18:28: fatal error: ac_nonexistent.h: No such file or directory
compilation terminated.
configure:3564: $? = 1
configure: failed program was:
| /* confdefs.h */
| #define PACKAGE_NAME ""
| #define PACKAGE_TARNAME ""
| #define PACKAGE_VERSION ""
| #define PACKAGE_STRING ""
| #define PACKAGE_BUGREPORT ""
| #define PACKAGE_URL ""
| #define PACKAGE "pentagram"
| #define VERSION "0.1svn"
| #define VER_MAJOR "0"
| #define VER_MINOR "1"
| #define VER_EXTRA "svn"
| #define HAVE_MIDI 1
| #define UNIX 1
| #define LINUX 1
| #define HAVE_HOME 1
| /* end confdefs.h.  */
| #include <ac_nonexistent.h>
configure:3589: result: gcc -E
configure:3609: gcc -E  conftest.c
configure:3609: $? = 0
configure:3623: gcc -E  conftest.c
conftest.c:18:28: fatal error: ac_nonexistent.h: No such file or directory
compilation terminated.
configure:3623: $? = 1
configure: failed program was:
| /* confdefs.h */
| #define PACKAGE_NAME ""
| #define PACKAGE_TARNAME ""
| #define PACKAGE_VERSION ""
| #define PACKAGE_STRING ""
| #define PACKAGE_BUGREPORT ""
| #define PACKAGE_URL ""
| #define PACKAGE "pentagram"
| #define VERSION "0.1svn"
| #define VER_MAJOR "0"
| #define VER_MINOR "1"
| #define VER_EXTRA "svn"
| #define HAVE_MIDI 1
| #define UNIX 1
| #define LINUX 1
| #define HAVE_HOME 1
| /* end confdefs.h.  */
| #include <ac_nonexistent.h>
configure:3665: checking for a BSD-compatible install
configure:3733: result: /usr/bin/install -c
configure:3749: checking for flex
configure:3779: result: no
configure:3749: checking for lex
configure:3779: result: no
configure:3961: checking for g++
configure:3977: found /usr/bin/g++
configure:3988: result: g++
configure:4015: checking for C++ compiler version
configure:4024: g++ --version >&5
g++ (Debian 4.6.1-4) 4.6.1
Copyright (C) 2011 Free Software Foundation, Inc.
This is free software; see the source for copying conditions.  There is NO
warranty; not even for MERCHANTABILITY or FITNESS FOR A PARTICULAR PURPOSE.

configure:4035: $? = 0
configure:4024: g++ -v >&5
Using built-in specs.
COLLECT_GCC=g++
COLLECT_LTO_WRAPPER=/usr/lib/i386-linux-gnu/gcc/i486-linux-gnu/4.6.1/lto-wrapper
Target: i486-linux-gnu
Configured with: ../src/configure -v --with-pkgversion='Debian 4.6.1-4' --with-bugurl=file:///usr/share/doc/gcc-4.6/README.Bugs --enable-languages=c,c++,fortran,objc,obj-c++,go --prefix=/usr --program-suffix=-4.6 --enable-shared --enable-multiarch --with-multiarch-defaults=i386-linux-gnu --enable-linker-build-id --with-system-zlib --libexecdir=/usr/lib/i386-linux-gnu --without-included-gettext --enable-threads=posix --with-gxx-include-dir=/usr/include/c++/4.6 --libdir=/usr/lib/i386-linux-gnu --enable-nls --enable-clocale=gnu --enable-libstdcxx-debug --enable-libstdcxx-time=yes --enable-plugin --enable-objc-gc --enable-targets=all --with-arch-32=i586 --with-tune=generic --enable-checking=release --build=i486-linux-gnu --host=i486-linux-gnu --target=i486-linux-gnu
Thread model: posix
gcc version 4.6.1 (Debian 4.6.1-4) 
configure:4035: $? = 0
configure:4024: g++ -V >&5
g++: error: unrecognized option '-V'
g++: fatal error: no input files
compilation terminated.
configure:4035: $? = 1
configure:4024: g++ -qversion >&5
g++: error: unrecognized option '-qversion'
g++: fatal error: no input files
compilation terminated.
configure:4035: $? = 1
configure:4039: checking whether we are using the GNU C++ compiler
configure:4058: g++ -c   conftest.cpp >&5
configure:4058: $? = 0
configure:4067: result: yes
configure:4076: checking whether g++ accepts -g
configure:4096: g++ -c -g  conftest.cpp >&5
configure:4096: $? = 0
configure:4137: result: yes
configure:4197: checking if we should use GCC PCH
configure:4214: result: no
configure:4237: checking how to run the C++ preprocessor
configure:4264: g++ -E  conftest.cpp
configure:4264: $? = 0
configure:4278: g++ -E  conftest.cpp
conftest.cpp:18:28: fatal error: ac_nonexistent.h: No such file or directory
compilation terminated.
configure:4278: $? = 1
configure: failed program was:
| /* confdefs.h */
| #define PACKAGE_NAME ""
| #define PACKAGE_TARNAME ""
| #define PACKAGE_VERSION ""
| #define PACKAGE_STRING ""
| #define PACKAGE_BUGREPORT ""
| #define PACKAGE_URL ""
| #define PACKAGE "pentagram"
| #define VERSION "0.1svn"
| #define VER_MAJOR "0"
| #define VER_MINOR "1"
| #define VER_EXTRA "svn"
| #define HAVE_MIDI 1
| #define UNIX 1
| #define LINUX 1
| #define HAVE_HOME 1
| /* end confdefs.h.  */
| #include <ac_nonexistent.h>
configure:4303: result: g++ -E
configure:4323: g++ -E  conftest.cpp
configure:4323: $? = 0
configure:4337: g++ -E  conftest.cpp
conftest.cpp:18:28: fatal error: ac_nonexistent.h: No such file or directory
compilation terminated.
configure:4337: $? = 1
configure: failed program was:
| /* confdefs.h */
| #define PACKAGE_NAME ""
| #define PACKAGE_TARNAME ""
| #define PACKAGE_VERSION ""
| #define PACKAGE_STRING ""
| #define PACKAGE_BUGREPORT ""
| #define PACKAGE_URL ""
| #define PACKAGE "pentagram"
| #define VERSION "0.1svn"
| #define VER_MAJOR "0"
| #define VER_MINOR "1"
| #define VER_EXTRA "svn"
| #define HAVE_MIDI 1
| #define UNIX 1
| #define LINUX 1
| #define HAVE_HOME 1
| /* end confdefs.h.  */
| #include <ac_nonexistent.h>
configure:4366: checking for grep that handles long lines and -e
configure:4424: result: /bin/grep
configure:4429: checking for egrep
configure:4491: result: /bin/grep -E
configure:4496: checking for ANSI C header files
configure:4516: g++ -c -g -O2  conftest.cpp >&5
configure:4516: $? = 0
configure:4589: g++ -o conftest -g -O2   conftest.cpp  >&5
configure:4589: $? = 0
configure:4589: ./conftest
configure:4589: $? = 0
configure:4600: result: yes
configure:4613: checking for sys/types.h
configure:4613: g++ -c -g -O2  conftest.cpp >&5
configure:4613: $? = 0
configure:4613: result: yes
configure:4613: checking for sys/stat.h
configure:4613: g++ -c -g -O2  conftest.cpp >&5
configure:4613: $? = 0
configure:4613: result: yes
configure:4613: checking for stdlib.h
configure:4613: g++ -c -g -O2  conftest.cpp >&5
configure:4613: $? = 0
configure:4613: result: yes
configure:4613: checking for string.h
configure:4613: g++ -c -g -O2  conftest.cpp >&5
configure:4613: $? = 0
configure:4613: result: yes
configure:4613: checking for memory.h
configure:4613: g++ -c -g -O2  conftest.cpp >&5
configure:4613: $? = 0
configure:4613: result: yes
configure:4613: checking for strings.h
configure:4613: g++ -c -g -O2  conftest.cpp >&5
configure:4613: $? = 0
configure:4613: result: yes
configure:4613: checking for inttypes.h
configure:4613: g++ -c -g -O2  conftest.cpp >&5
configure:4613: $? = 0
configure:4613: result: yes
configure:4613: checking for stdint.h
configure:4613: g++ -c -g -O2  conftest.cpp >&5
configure:4613: $? = 0
configure:4613: result: yes
configure:4613: checking for unistd.h
configure:4613: g++ -c -g -O2  conftest.cpp >&5
configure:4613: $? = 0
configure:4613: result: yes
configure:4628: checking for unistd.h
configure:4628: result: yes
configure:4628: checking for sys/types.h
configure:4628: result: yes
configure:4628: checking for sys/stat.h
configure:4628: result: yes
configure:4642: checking for snprintf()
configure:4659: g++ -o conftest -g -O2   conftest.cpp  >&5
configure:4659: $? = 0
configure:4666: result: yes
configure:4682: checking size of short
configure:4687: g++ -o conftest -g -O2   conftest.cpp  >&5
configure:4687: $? = 0
configure:4687: ./conftest
configure:4687: $? = 0
configure:4701: result: 2
configure:4715: checking size of int
configure:4720: g++ -o conftest -g -O2   conftest.cpp  >&5
configure:4720: $? = 0
configure:4720: ./conftest
configure:4720: $? = 0
configure:4734: result: 4
configure:4748: checking size of long
configure:4753: g++ -o conftest -g -O2   conftest.cpp  >&5
configure:4753: $? = 0
configure:4753: ./conftest
configure:4753: $? = 0
configure:4767: result: 4
configure:4781: checking size of long long
configure:4786: g++ -o conftest -g -O2   conftest.cpp  >&5
configure:4786: $? = 0
configure:4786: ./conftest
configure:4786: $? = 0
configure:4800: result: 8
configure:4814: checking size of int*
configure:4819: g++ -o conftest -g -O2   conftest.cpp  >&5
configure:4819: $? = 0
configure:4819: ./conftest
configure:4819: $? = 0
configure:4833: result: 4
configure:4848: checking if we should optimise for MMX
configure:4862: result: no
configure:4866: checking if we should optimise for 3DNOW
configure:4880: result: no
configure:4888: checking if we should add some extra optimisation options
configure:4904: result: no
configure:4959: checking for sdl-config
configure:4977: found /usr/bin/sdl-config
configure:4990: result: /usr/bin/sdl-config
configure:5012: checking for SDL - version >= 1.2.0
configure:5032: g++ -c -g -O2  -I/usr/include/SDL -D_GNU_SOURCE=1 -D_REENTRANT conftest.cpp >&5
configure:5032: $? = 0
configure:5067: g++ -c -g -O2  -I/usr/include/SDL -D_GNU_SOURCE=1 -D_REENTRANT conftest.cpp >&5
configure:5067: $? = 0
configure:5091: g++ -o conftest -g -O2  -I/usr/include/SDL -D_GNU_SOURCE=1 -D_REENTRANT  conftest.cpp  -L/usr/lib/i386-linux-gnu -lSDL >&5
configure:5091: $? = 0
configure:5103: result: yes
configure:5126: checking zlib.h usability
configure:5126: g++ -c -g -O2  conftest.cpp >&5
configure:5126: $? = 0
configure:5126: result: yes
configure:5126: checking zlib.h presence
configure:5126: g++ -E  conftest.cpp
configure:5126: $? = 0
configure:5126: result: yes
configure:5126: checking for zlib.h
configure:5126: result: yes
configure:5134: checking for deflate in -lz
configure:5159: g++ -o conftest -g -O2   conftest.cpp -lz   >&5
configure:5159: $? = 0
configure:5168: result: yes
configure:5195: checking for SDL_ttf - version >= 2.0.7
configure:5221: g++ -c -g -O2  -I/usr/include/SDL -D_GNU_SOURCE=1 -D_REENTRANT conftest.cpp >&5
conftest.cpp:40:23: fatal error: SDL_ttf.h: No such file or directory
compilation terminated.
configure:5221: $? = 1
configure: failed program was:
| /* confdefs.h */
| #define PACKAGE_NAME ""
| #define PACKAGE_TARNAME ""
| #define PACKAGE_VERSION ""
| #define PACKAGE_STRING ""
| #define PACKAGE_BUGREPORT ""
| #define PACKAGE_URL ""
| #define PACKAGE "pentagram"
| #define VERSION "0.1svn"
| #define VER_MAJOR "0"
| #define VER_MINOR "1"
| #define VER_EXTRA "svn"
| #define HAVE_MIDI 1
| #define UNIX 1
| #define LINUX 1
| #define HAVE_HOME 1
| #define STDC_HEADERS 1
| #define HAVE_SYS_TYPES_H 1
| #define HAVE_SYS_STAT_H 1
| #define HAVE_STDLIB_H 1
| #define HAVE_STRING_H 1
| #define HAVE_MEMORY_H 1
| #define HAVE_STRINGS_H 1
| #define HAVE_INTTYPES_H 1
| #define HAVE_STDINT_H 1
| #define HAVE_UNISTD_H 1
| #define HAVE_UNISTD_H 1
| #define HAVE_SYS_TYPES_H 1
| #define HAVE_SYS_STAT_H 1
| #define HAVE_SNPRINTF 1
| #define SIZEOF_SHORT 2
| #define SIZEOF_INT 4
| #define SIZEOF_LONG 4
| #define SIZEOF_LONG_LONG 8
| #define SIZEOF_INTP 4
| #define HAVE_SDL_H 1
| #define HAVE_LIBZ 1
| /* end confdefs.h.  */
| 
|   #include "SDL_ttf.h"
| 
| int
| main ()
| {
| 
|   ;
|   return 0;
| }
configure:5244: g++ -c -g -O2  -I/usr/include/SDL -D_GNU_SOURCE=1 -D_REENTRANT conftest.cpp >&5
configure:5244: $? = 0
configure:5283: g++ -c -g -O2  -I/usr/include/SDL -D_GNU_SOURCE=1 -D_REENTRANT conftest.cpp >&5
configure:5283: $? = 0
configure:5312: g++ -o conftest -g -O2  -I/usr/include/SDL -D_GNU_SOURCE=1 -D_REENTRANT  -L/usr/lib/i386-linux-gnu -lSDL conftest.cpp -lz  -lSDL_ttf >&5
configure:5312: $? = 0
configure:5357: result: yes
configure:5378: checking png.h usability
configure:5378: g++ -c -g -O2  conftest.cpp >&5
configure:5378: $? = 0
configure:5378: result: yes
configure:5378: checking png.h presence
configure:5378: g++ -E  conftest.cpp
configure:5378: $? = 0
configure:5378: result: yes
configure:5378: checking for png.h
configure:5378: result: yes
configure:5386: checking for png_create_read_struct in -lpng
configure:5411: g++ -o conftest -g -O2   conftest.cpp -lpng  -lz  >&5
configure:5411: $? = 0
configure:5420: result: yes
configure:5568: checking if we should include profiling information
configure:5583: result: no
configure:5621: checking for debug mode
configure:5631: result: yes
configure:5643: checking valgrind/memcheck.h usability
configure:5643: g++ -c -g -O2  conftest.cpp >&5
conftest.cpp:75:31: fatal error: valgrind/memcheck.h: No such file or directory
compilation terminated.
configure:5643: $? = 1
configure: failed program was:
| /* confdefs.h */
| #define PACKAGE_NAME ""
| #define PACKAGE_TARNAME ""
| #define PACKAGE_VERSION ""
| #define PACKAGE_STRING ""
| #define PACKAGE_BUGREPORT ""
| #define PACKAGE_URL ""
| #define PACKAGE "pentagram"
| #define VERSION "0.1svn"
| #define VER_MAJOR "0"
| #define VER_MINOR "1"
| #define VER_EXTRA "svn"
| #define HAVE_MIDI 1
| #define UNIX 1
| #define LINUX 1
| #define HAVE_HOME 1
| #define STDC_HEADERS 1
| #define HAVE_SYS_TYPES_H 1
| #define HAVE_SYS_STAT_H 1
| #define HAVE_STDLIB_H 1
| #define HAVE_STRING_H 1
| #define HAVE_MEMORY_H 1
| #define HAVE_STRINGS_H 1
| #define HAVE_INTTYPES_H 1
| #define HAVE_STDINT_H 1
| #define HAVE_UNISTD_H 1
| #define HAVE_UNISTD_H 1
| #define HAVE_SYS_TYPES_H 1
| #define HAVE_SYS_STAT_H 1
| #define HAVE_SNPRINTF 1
| #define SIZEOF_SHORT 2
| #define SIZEOF_INT 4
| #define SIZEOF_LONG 4
| #define SIZEOF_LONG_LONG 8
| #define SIZEOF_INTP 4
| #define HAVE_SDL_H 1
| #define HAVE_LIBZ 1
| #define HAVE_SDL_SDL_TTF_H 1
| #define HAVE_LIBPNG 1
| #define DEBUG 1
| /* end confdefs.h.  */
| #include <stdio.h>
| #ifdef HAVE_SYS_TYPES_H
| # include <sys/types.h>
| #endif
| #ifdef HAVE_SYS_STAT_H
| # include <sys/stat.h>
| #endif
| #ifdef STDC_HEADERS
| # include <stdlib.h>
| # include <stddef.h>
| #else
| # ifdef HAVE_STDLIB_H
| #  include <stdlib.h>
| # endif
| #endif
| #ifdef HAVE_STRING_H
| # if !defined STDC_HEADERS && defined HAVE_MEMORY_H
| #  include <memory.h>
| # endif
| # include <string.h>
| #endif
| #ifdef HAVE_STRINGS_H
| # include <strings.h>
| #endif
| #ifdef HAVE_INTTYPES_H
| # include <inttypes.h>
| #endif
| #ifdef HAVE_STDINT_H
| # include <stdint.h>
| #endif
| #ifdef HAVE_UNISTD_H
| # include <unistd.h>
| #endif
| #include <valgrind/memcheck.h>
configure:5643: result: no
configure:5643: checking valgrind/memcheck.h presence
configure:5643: g++ -E  conftest.cpp
conftest.cpp:42:31: fatal error: valgrind/memcheck.h: No such file or directory
compilation terminated.
configure:5643: $? = 1
configure: failed program was:
| /* confdefs.h */
| #define PACKAGE_NAME ""
| #define PACKAGE_TARNAME ""
| #define PACKAGE_VERSION ""
| #define PACKAGE_STRING ""
| #define PACKAGE_BUGREPORT ""
| #define PACKAGE_URL ""
| #define PACKAGE "pentagram"
| #define VERSION "0.1svn"
| #define VER_MAJOR "0"
| #define VER_MINOR "1"
| #define VER_EXTRA "svn"
| #define HAVE_MIDI 1
| #define UNIX 1
| #define LINUX 1
| #define HAVE_HOME 1
| #define STDC_HEADERS 1
| #define HAVE_SYS_TYPES_H 1
| #define HAVE_SYS_STAT_H 1
| #define HAVE_STDLIB_H 1
| #define HAVE_STRING_H 1
| #define HAVE_MEMORY_H 1
| #define HAVE_STRINGS_H 1
| #define HAVE_INTTYPES_H 1
| #define HAVE_STDINT_H 1
| #define HAVE_UNISTD_H 1
| #define HAVE_UNISTD_H 1
| #define HAVE_SYS_TYPES_H 1
| #define HAVE_SYS_STAT_H 1
| #define HAVE_SNPRINTF 1
| #define SIZEOF_SHORT 2
| #define SIZEOF_INT 4
| #define SIZEOF_LONG 4
| #define SIZEOF_LONG_LONG 8
| #define SIZEOF_INTP 4
| #define HAVE_SDL_H 1
| #define HAVE_LIBZ 1
| #define HAVE_SDL_SDL_TTF_H 1
| #define HAVE_LIBPNG 1
| #define DEBUG 1
| /* end confdefs.h.  */
| #include <valgrind/memcheck.h>
configure:5643: result: no
configure:5643: checking for valgrind/memcheck.h
configure:5643: result: no
configure:5651: checking for valgrind support
configure:5667: result: no
configure:5680: checking if we want to use FMOPL midi
configure:5690: result: yes
configure:5708: checking if we want to use timidity midi
configure:5729: result: yes
configure:5733: checking alsa/asoundlib.h usability
configure:5733: g++ -c -g -O2  conftest.cpp >&5
configure:5733: $? = 0
configure:5733: result: yes
configure:5733: checking alsa/asoundlib.h presence
configure:5733: g++ -E  conftest.cpp
configure:5733: $? = 0
configure:5733: result: yes
configure:5733: checking for alsa/asoundlib.h
configure:5733: result: yes
configure:5748: checking if we want to use ALSA midi
configure:5761: result: no
configure:5770: checking fluidsynth.h usability
configure:5770: g++ -c -g -O2  conftest.cpp >&5
conftest.cpp:77:24: fatal error: fluidsynth.h: No such file or directory
compilation terminated.
configure:5770: $? = 1
configure: failed program was:
| /* confdefs.h */
| #define PACKAGE_NAME ""
| #define PACKAGE_TARNAME ""
| #define PACKAGE_VERSION ""
| #define PACKAGE_STRING ""
| #define PACKAGE_BUGREPORT ""
| #define PACKAGE_URL ""
| #define PACKAGE "pentagram"
| #define VERSION "0.1svn"
| #define VER_MAJOR "0"
| #define VER_MINOR "1"
| #define VER_EXTRA "svn"
| #define HAVE_MIDI 1
| #define UNIX 1
| #define LINUX 1
| #define HAVE_HOME 1
| #define STDC_HEADERS 1
| #define HAVE_SYS_TYPES_H 1
| #define HAVE_SYS_STAT_H 1
| #define HAVE_STDLIB_H 1
| #define HAVE_STRING_H 1
| #define HAVE_MEMORY_H 1
| #define HAVE_STRINGS_H 1
| #define HAVE_INTTYPES_H 1
| #define HAVE_STDINT_H 1
| #define HAVE_UNISTD_H 1
| #define HAVE_UNISTD_H 1
| #define HAVE_SYS_TYPES_H 1
| #define HAVE_SYS_STAT_H 1
| #define HAVE_SNPRINTF 1
| #define SIZEOF_SHORT 2
| #define SIZEOF_INT 4
| #define SIZEOF_LONG 4
| #define SIZEOF_LONG_LONG 8
| #define SIZEOF_INTP 4
| #define HAVE_SDL_H 1
| #define HAVE_LIBZ 1
| #define HAVE_SDL_SDL_TTF_H 1
| #define HAVE_LIBPNG 1
| #define DEBUG 1
| #define USE_FMOPL_MIDI 1
| #define USE_TIMIDITY_MIDI 1
| /* end confdefs.h.  */
| #include <stdio.h>
| #ifdef HAVE_SYS_TYPES_H
| # include <sys/types.h>
| #endif
| #ifdef HAVE_SYS_STAT_H
| # include <sys/stat.h>
| #endif
| #ifdef STDC_HEADERS
| # include <stdlib.h>
| # include <stddef.h>
| #else
| # ifdef HAVE_STDLIB_H
| #  include <stdlib.h>
| # endif
| #endif
| #ifdef HAVE_STRING_H
| # if !defined STDC_HEADERS && defined HAVE_MEMORY_H
| #  include <memory.h>
| # endif
| # include <string.h>
| #endif
| #ifdef HAVE_STRINGS_H
| # include <strings.h>
| #endif
| #ifdef HAVE_INTTYPES_H
| # include <inttypes.h>
| #endif
| #ifdef HAVE_STDINT_H
| # include <stdint.h>
| #endif
| #ifdef HAVE_UNISTD_H
| # include <unistd.h>
| #endif
| #include <fluidsynth.h>
configure:5770: result: no
configure:5770: checking fluidsynth.h presence
configure:5770: g++ -E  conftest.cpp
conftest.cpp:44:24: fatal error: fluidsynth.h: No such file or directory
compilation terminated.
configure:5770: $? = 1
configure: failed program was:
| /* confdefs.h */
| #define PACKAGE_NAME ""
| #define PACKAGE_TARNAME ""
| #define PACKAGE_VERSION ""
| #define PACKAGE_STRING ""
| #define PACKAGE_BUGREPORT ""
| #define PACKAGE_URL ""
| #define PACKAGE "pentagram"
| #define VERSION "0.1svn"
| #define VER_MAJOR "0"
| #define VER_MINOR "1"
| #define VER_EXTRA "svn"
| #define HAVE_MIDI 1
| #define UNIX 1
| #define LINUX 1
| #define HAVE_HOME 1
| #define STDC_HEADERS 1
| #define HAVE_SYS_TYPES_H 1
| #define HAVE_SYS_STAT_H 1
| #define HAVE_STDLIB_H 1
| #define HAVE_STRING_H 1
| #define HAVE_MEMORY_H 1
| #define HAVE_STRINGS_H 1
| #define HAVE_INTTYPES_H 1
| #define HAVE_STDINT_H 1
| #define HAVE_UNISTD_H 1
| #define HAVE_UNISTD_H 1
| #define HAVE_SYS_TYPES_H 1
| #define HAVE_SYS_STAT_H 1
| #define HAVE_SNPRINTF 1
| #define SIZEOF_SHORT 2
| #define SIZEOF_INT 4
| #define SIZEOF_LONG 4
| #define SIZEOF_LONG_LONG 8
| #define SIZEOF_INTP 4
| #define HAVE_SDL_H 1
| #define HAVE_LIBZ 1
| #define HAVE_SDL_SDL_TTF_H 1
| #define HAVE_LIBPNG 1
| #define DEBUG 1
| #define USE_FMOPL_MIDI 1
| #define USE_TIMIDITY_MIDI 1
| /* end confdefs.h.  */
| #include <fluidsynth.h>
configure:5770: result: no
configure:5770: checking for fluidsynth.h
configure:5770: result: no
configure:5785: checking if we want to use fluidsynth midi
configure:5802: result: no; fluidsynth.h not found
configure:5815: checking if we should build all hq scaler
configure:5825: result: no
configure:5836: checking if we should build the hq2x scaler
configure:5846: result: yes
configure:5857: checking if we should build the hq3x scaler
configure:5867: result: yes
configure:5878: checking if we should build the hq4x scaler
configure:5888: result: no
configure:5899: checking if we should build the gamma-correcting scalers
configure:5909: result: no
configure:5920: checking if we should build all bilinear scaler variants
configure:5930: result: no
configure:5942: checking if we should use built-in data files
configure:5953: result: yes
configure:5975: checking whether to build the GIMP plugin
configure:6058: result: no
configure:6206: creating ./config.status

## ---------------------- ##
## Running config.status. ##
## ---------------------- ##

This file was extended by config.status, which was
generated by GNU Autoconf 2.68.  Invocation command line was

  CONFIG_FILES    = 
  CONFIG_HEADERS  = 
  CONFIG_LINKS    = 
  CONFIG_COMMANDS = 
  $ ./config.status 

on posnix

config.status:889: creating Makefile
config.status:889: creating misc/config.h

## ---------------- ##
## Cache variables. ##
## ---------------- ##

ac_cv_build=i686-pc-linux-gnu
ac_cv_c_compiler_gnu=yes
ac_cv_cxx_compiler_gnu=yes
ac_cv_env_CCC_set=
ac_cv_env_CCC_value=
ac_cv_env_CC_set=
ac_cv_env_CC_value=
ac_cv_env_CFLAGS_set=
ac_cv_env_CFLAGS_value=
ac_cv_env_CPPFLAGS_set=
ac_cv_env_CPPFLAGS_value=
ac_cv_env_CPP_set=
ac_cv_env_CPP_value=
ac_cv_env_CXXCPP_set=
ac_cv_env_CXXCPP_value=
ac_cv_env_CXXFLAGS_set=
ac_cv_env_CXXFLAGS_value=
ac_cv_env_CXX_set=
ac_cv_env_CXX_value=
ac_cv_env_LDFLAGS_set=
ac_cv_env_LDFLAGS_value=
ac_cv_env_LIBS_set=
ac_cv_env_LIBS_value=
ac_cv_env_build_alias_set=
ac_cv_env_build_alias_value=
ac_cv_env_host_alias_set=
ac_cv_env_host_alias_value=
ac_cv_env_target_alias_set=
ac_cv_env_target_alias_value=
ac_cv_header_alsa_asoundlib_h=yes
ac_cv_header_fluidsynth_h=no
ac_cv_header_inttypes_h=yes
ac_cv_header_memory_h=yes
ac_cv_header_png_h=yes
ac_cv_header_stdc=yes
ac_cv_header_stdint_h=yes
ac_cv_header_stdlib_h=yes
ac_cv_header_string_h=yes
ac_cv_header_strings_h=yes
ac_cv_header_sys_stat_h=yes
ac_cv_header_sys_types_h=yes
ac_cv_header_unistd_h=yes
ac_cv_header_valgrind_memcheck_h=no
ac_cv_header_zlib_h=yes
ac_cv_host=i686-pc-linux-gnu
ac_cv_lib_png_png_create_read_struct=yes
ac_cv_lib_z_deflate=yes
ac_cv_objext=o
ac_cv_path_EGREP='/bin/grep -E'
ac_cv_path_GREP=/bin/grep
ac_cv_path_SDL_CONFIG=/usr/bin/sdl-config
ac_cv_path_install='/usr/bin/install -c'
ac_cv_prog_CPP='gcc -E'
ac_cv_prog_CXXCPP='g++ -E'
ac_cv_prog_ac_ct_CC=gcc
ac_cv_prog_ac_ct_CXX=g++
ac_cv_prog_cc_c89=
ac_cv_prog_cc_g=yes
ac_cv_prog_cxx_g=yes
ac_cv_sizeof_int=4
ac_cv_sizeof_intp=4
ac_cv_sizeof_long=4
ac_cv_sizeof_long_long=8
ac_cv_sizeof_short=2
ac_cv_target=i686-pc-linux-gnu

## ----------------- ##
## Output variables. ##
## ----------------- ##

BUILDEXEEXT=''
CC='gcc'
CC_FOR_BUILD='gcc'
CFLAGS='-g -O2'
CON_LIBS=''
CPP='gcc -E'
CPPFLAGS=''
CXX='g++'
CXXCPP='g++ -E'
CXXFLAGS='-g -O2'
DATAPATH='${datarootdir}/pentagram'
DEFS='-DHAVE_CONFIG_H'
ECHO_C=''
ECHO_N='-n'
ECHO_T=''
EGREP='/bin/grep -E'
EMPTY_FILE='/dev/null'
EXEEXT=''
GIMPTOOL=''
GIMP_INCLUDES=''
GIMP_LIBS=''
GIMP_PLUGIN_FALSE=''
GIMP_PLUGIN_PREFIX=''
GIMP_PLUGIN_TRUE='#'
GREP='/bin/grep'
GUI_LIBS=' -L/usr/lib/i386-linux-gnu -lSDL -lSDL_ttf -lpng'
HOST_SYSTEM=''
INSTALL_DATA='${INSTALL} -m 644'
INSTALL_PROGRAM='${INSTALL}'
INSTALL_SCRIPT='${INSTALL}'
LDFLAGS=''
LEX=':'
LEXLIB=''
LEX_OUTPUT_ROOT=''
LIBOBJS=''
LIBS='-lpng -lz '
LTLIBOBJS=''
MKDIR='mkdir -p'
OBJEXT='o'
PACKAGE='pentagram'
PACKAGE_BUGREPORT=''
PACKAGE_NAME=''
PACKAGE_STRING=''
PACKAGE_TARNAME=''
PACKAGE_URL=''
PACKAGE_VERSION=''
PATH_SEPARATOR=':'
PROFILE=''
RM='rm -f'
SDL_CFLAGS='-I/usr/include/SDL -D_GNU_SOURCE=1 -D_REENTRANT'
SDL_CONFIG='/usr/bin/sdl-config'
SDL_LIBS='-L/usr/lib/i386-linux-gnu -lSDL'
SHELL='/bin/bash'
SYS_LIBS=' -lz'
USE_BUILTIN_DATA='yes'
USE_PCH='no'
VERSION='0.1svn'
VER_EXTRA='svn'
VER_MAJOR='0'
VER_MINOR='1'
WARNINGS='-Wall'
ac_ct_CC='gcc'
ac_ct_CXX='g++'
bindir='${exec_prefix}/bin'
build='i686-pc-linux-gnu'
build_alias=''
build_cpu='i686'
build_os='linux-gnu'
build_vendor='pc'
datadir='${datarootdir}'
datarootdir='${prefix}/share'
docdir='${datarootdir}/doc/${PACKAGE}'
dvidir='${docdir}'
exec_prefix='${prefix}'
host='i686-pc-linux-gnu'
host_alias=''
host_cpu='i686'
host_os='linux-gnu'
host_vendor='pc'
htmldir='${docdir}'
includedir='${prefix}/include'
infodir='${datarootdir}/info'
libdir='${exec_prefix}/lib'
libexecdir='${exec_prefix}/libexec'
localedir='${datarootdir}/locale'
localstatedir='${prefix}/var'
mandir='${datarootdir}/man'
oldincludedir='/usr/include'
pdfdir='${docdir}'
prefix='/usr/local'
program_transform_name='s,x,x,'
psdir='${docdir}'
sbindir='${exec_prefix}/sbin'
sharedstatedir='${prefix}/com'
sysconfdir='${prefix}/etc'
target='i686-pc-linux-gnu'
target_alias=''
target_cpu='i686'
target_os='linux-gnu'
target_vendor='pc'

## ----------- ##
## confdefs.h. ##
## ----------- ##

/* confdefs.h */
#define PACKAGE_NAME ""
#define PACKAGE_TARNAME ""
#define PACKAGE_VERSION ""
#define PACKAGE_STRING ""
#define PACKAGE_BUGREPORT ""
#define PACKAGE_URL ""
#define PACKAGE "pentagram"
#define VERSION "0.1svn"
#define VER_MAJOR "0"
#define VER_MINOR "1"
#define VER_EXTRA "svn"
#define HAVE_MIDI 1
#define UNIX 1
#define LINUX 1
#define HAVE_HOME 1
#define STDC_HEADERS 1
#define HAVE_SYS_TYPES_H 1
#define HAVE_SYS_STAT_H 1
#define HAVE_STDLIB_H 1
#define HAVE_STRING_H 1
#define HAVE_MEMORY_H 1
#define HAVE_STRINGS_H 1
#define HAVE_INTTYPES_H 1
#define HAVE_STDINT_H 1
#define HAVE_UNISTD_H 1
#define HAVE_UNISTD_H 1
#define HAVE_SYS_TYPES_H 1
#define HAVE_SYS_STAT_H 1
#define HAVE_SNPRINTF 1
#define SIZEOF_SHORT 2
#define SIZEOF_INT 4
#define SIZEOF_LONG 4
#define SIZEOF_LONG_LONG 8
#define SIZEOF_INTP 4
#define HAVE_SDL_H 1
#define HAVE_LIBZ 1
#define HAVE_SDL_SDL_TTF_H 1
#define HAVE_LIBPNG 1
#define DEBUG 1
#define USE_FMOPL_MIDI 1
#define USE_TIMIDITY_MIDI 1
#define USE_HQ2X_SCALER 1
#define USE_HQ3X_SCALER 1
#define BUILTIN_DATA 1

configure: exit 0
